#
# A fatal error has been detected by the Java Runtime Environment:
#
#  SIGSEGV (0xb) at pc=0x000000011e0ac45f, pid=27928, tid=0x000000000000bd2f
#
# JRE version: Java(TM) SE Runtime Environment (8.0_144-b01) (build 1.8.0_144-b01)
# Java VM: Java HotSpot(TM) 64-Bit Server VM (25.144-b01 mixed mode bsd-amd64 compressed oops)
# Problematic frame:
# C  [libawt_lwawt.dylib+0x1c45f]  OGLSD_SetScratchSurface+0x49
#
# Failed to write core dump. Core dumps have been disabled. To enable core dumping, try "ulimit -c unlimited" before starting Java again
#
# If you would like to submit a bug report, please visit:
#   http://bugreport.java.com/bugreport/crash.jsp
# The crash happened outside the Java Virtual Machine in native code.
# See problematic frame for where to report the bug.
#

---------------  T H R E A D  ---------------

Current thread (0x00007fb980a5d000):  JavaThread "Java2D Queue Flusher" daemon [_thread_in_native, id=48431, stack(0x000070000fffc000,0x00007000100fc000)]

siginfo: si_signo: 11 (SIGSEGV), si_code: 1 (SEGV_MAPERR), si_addr: 0x0000000000000002

Registers:
RAX=0x00000000ffffffff, RBX=0x0000000000000002, RCX=0x0000000000000047, RDX=0x000000011e0cd258
RSP=0x00007000100fb6e0, RBP=0x00007000100fb700, RSI=0x00007fb9805bc490, RDI=0x00007fb980a5d1f8
R8 =0x00007fb9805b0940, R9 =0x00000000000397f9, R10=0x00000001094cc9c8, R11=0x00000001060e5563
R12=0x0000000000000000, R13=0x0000000107e912c0, R14=0x00007fb980a5d1f8, R15=0x00007fb980a5d000
RIP=0x000000011e0ac45f, EFLAGS=0x0000000000010202, ERR=0x0000000000000004
  TRAPNO=0x000000000000000e

Top of Stack: (sp=0x00007000100fb6e0)
0x00007000100fb6e0:   00007fb9805bc490 0000000000000000
0x00007000100fb6f0:   00007fb980a64a10 00007fb980a5d000
0x00007000100fb700:   00007000100fb780 000000011e0ccd36
0x00007000100fb710:   00007000100fb728 00000002100fb718
0x00007000100fb720:   0000000000000000 000000018083435a
0x00007000100fb730:   0000000000000064 00007fb980a5d000
0x00007000100fb740:   0000000000000bad 00007fb980a64a20
0x00007000100fb750:   00007fb900a5d000 00007fb980a5d1f8
0x00007000100fb760:   0000000107e912c0 0000000000000000
0x00007000100fb770:   00007000100fb830 00007fb980a5d000
0x00007000100fb780:   00007000100fb7f8 00000001094cc9f4
0x00007000100fb790:   0000000107b26d78 0000000000000000
0x00007000100fb7a0:   0000000107b252d0 0000000000000000
0x00007000100fb7b0:   00007000100fb7d0 00007000100fb7b8
0x00007000100fb7c0:   0000000000000000 00007000100fb830
0x00007000100fb7d0:   0000000107e92358 0000000000000000
0x00007000100fb7e0:   0000000107e912c0 0000000000000000
0x00007000100fb7f0:   00007000100fb818 00007000100fb878
0x00007000100fb800:   00000001094bd2bd 0000000000000000
0x00007000100fb810:   00000001094c6538 0000000000000020
0x00007000100fb820:   00007fb980a64a00 0000000797b250f0
0x00007000100fb830:   0000000797b250d8 00007000100fb838
0x00007000100fb840:   0000000107e9136d 00007000100fb890
0x00007000100fb850:   0000000107e92358 0000000000000000
0x00007000100fb860:   0000000107e91390 00007000100fb818
0x00007000100fb870:   00007000100fb890 00007000100fb8d8
0x00007000100fb880:   00000001094bd2bd 0000000000000020
0x00007000100fb890:   0000000797b250d8 00007000100fb898
0x00007000100fb8a0:   0000000107e91549 00007000100fb8e8
0x00007000100fb8b0:   0000000107e92358 0000000000000000
0x00007000100fb8c0:   0000000107e91558 00007000100fb890
0x00007000100fb8d0:   00007000100fb8e8 00007000100fb940 

Instructions: (pc=0x000000011e0ac45f)
0x000000011e0ac43f:   c0 e9 82 00 00 00 48 8b 5e 10 48 85 db 75 0e bf
0x000000011e0ac44f:   01 00 00 00 48 8d 15 67 7b 03 00 eb d6 49 89 fe
0x000000011e0ac45f:   4c 8b 3b 30 c0 e8 21 a6 02 00 49 8b 3f 49 89 c4
0x000000011e0ac46f:   48 8b 35 aa 02 06 00 30 c0 e8 51 a7 02 00 48 85 

Register to memory mapping:

RAX=0x00000000ffffffff is an unknown value
RBX=0x0000000000000002 is an unknown value
RCX=0x0000000000000047 is an unknown value
RDX=0x000000011e0cd258: Java_sun_java2d_opengl_OGLRenderQueue_flushBuffer+0xb5c in /Library/Java/JavaVirtualMachines/jdk1.8.0_144.jdk/Contents/Home/jre/lib/libawt_lwawt.dylib at 0x000000011e090000
RSP=0x00007000100fb6e0 is pointing into the stack for thread: 0x00007fb980a5d000
RBP=0x00007000100fb700 is pointing into the stack for thread: 0x00007fb980a5d000
RSI=0x00007fb9805bc490 is an unknown value
RDI=0x00007fb980a5d1f8 is an unknown value
R8 =0x00007fb9805b0940 is an unknown value
R9 =0x00000000000397f9 is an unknown value
R10=0x00000001094cc9c8 is at code_begin+808 in an Interpreter codelet
method entry point (kind = native)  [0x00000001094cc6a0, 0x00000001094ccfa0]  2304 bytes
R11=0x00000001060e5563: throw_unsatisfied_link_error+0 in /Library/Java/JavaVirtualMachines/jdk1.8.0_144.jdk/Contents/Home/jre/lib/server/libjvm.dylib at 0x0000000105c00000
R12=0x0000000000000000 is an unknown value
R13={method} {0x0000000107e912c0} 'flushBuffer' '(JI)V' in 'sun/java2d/opengl/OGLRenderQueue'
R14=0x00007fb980a5d1f8 is an unknown value
R15=0x00007fb980a5d000 is a thread


Stack: [0x000070000fffc000,0x00007000100fc000],  sp=0x00007000100fb6e0,  free space=1021k
Native frames: (J=compiled Java code, j=interpreted, Vv=VM code, C=native code)
C  [libawt_lwawt.dylib+0x1c45f]  OGLSD_SetScratchSurface+0x49
C  [libawt_lwawt.dylib+0x3cd36]  Java_sun_java2d_opengl_OGLRenderQueue_flushBuffer+0x63a
j  sun.java2d.opengl.OGLRenderQueue.flushBuffer(JI)V+0
j  sun.java2d.opengl.OGLRenderQueue.flushBuffer()V+21
j  sun.java2d.opengl.OGLRenderQueue.access$100(Lsun/java2d/opengl/OGLRenderQueue;)V+1
j  sun.java2d.opengl.OGLRenderQueue$QueueFlusher.run()V+81
v  ~StubRoutines::call_stub
V  [libjvm.dylib+0x2ee70a]  JavaCalls::call_helper(JavaValue*, methodHandle*, JavaCallArguments*, Thread*)+0x6ae
V  [libjvm.dylib+0x2eeeae]  JavaCalls::call_virtual(JavaValue*, KlassHandle, Symbol*, Symbol*, JavaCallArguments*, Thread*)+0x164
V  [libjvm.dylib+0x2ef05a]  JavaCalls::call_virtual(JavaValue*, Handle, KlassHandle, Symbol*, Symbol*, Thread*)+0x4a
V  [libjvm.dylib+0x3497b1]  thread_entry(JavaThread*, Thread*)+0x7c
V  [libjvm.dylib+0x56c0b3]  JavaThread::thread_main_inner()+0x9b
V  [libjvm.dylib+0x56d7a0]  JavaThread::run()+0x1c2
V  [libjvm.dylib+0x48baee]  java_start(Thread*)+0xf6
C  [libsystem_pthread.dylib+0x393b]  _pthread_body+0xb4
C  [libsystem_pthread.dylib+0x3887]  _pthread_body+0x0
C  [libsystem_pthread.dylib+0x308d]  thread_start+0xd
C  0x0000000000000000

Java frames: (J=compiled Java code, j=interpreted, Vv=VM code)
j  sun.java2d.opengl.OGLRenderQueue.flushBuffer(JI)V+0
j  sun.java2d.opengl.OGLRenderQueue.flushBuffer()V+21
j  sun.java2d.opengl.OGLRenderQueue.access$100(Lsun/java2d/opengl/OGLRenderQueue;)V+1
j  sun.java2d.opengl.OGLRenderQueue$QueueFlusher.run()V+81
v  ~StubRoutines::call_stub

---------------  P R O C E S S  ---------------

Java Threads: ( => current thread )
  0x00007fb9810f9800 JavaThread "DestroyJavaVM" [_thread_blocked, id=6915, stack(0x000070000eec3000,0x000070000efc3000)]
  0x00007fb981a88800 JavaThread "AWT-EventQueue-0" [_thread_blocked, id=65811, stack(0x0000700010285000,0x0000700010385000)]
  0x00007fb981a5c000 JavaThread "Java2D Disposer" daemon [_thread_blocked, id=59655, stack(0x00007000100ff000,0x00007000101ff000)]
=>0x00007fb980a5d000 JavaThread "Java2D Queue Flusher" daemon [_thread_in_native, id=48431, stack(0x000070000fffc000,0x00007000100fc000)]
  0x00007fb981949000 JavaThread "AWT-Shutdown" [_thread_blocked, id=30495, stack(0x000070000fdf3000,0x000070000fef3000)]
  0x00007fb98111e000 JavaThread "AppKit Thread" daemon [_thread_in_native, id=775, stack(0x00007fff5a0f9000,0x00007fff5a8f9000)]
  0x00007fb980851800 JavaThread "Service Thread" daemon [_thread_blocked, id=18691, stack(0x000070000fb6a000,0x000070000fc6a000)]
  0x00007fb98084f000 JavaThread "C1 CompilerThread2" daemon [_thread_blocked, id=18179, stack(0x000070000fa67000,0x000070000fb67000)]
  0x00007fb98084c800 JavaThread "C2 CompilerThread1" daemon [_thread_blocked, id=17667, stack(0x000070000f964000,0x000070000fa64000)]
  0x00007fb98084d000 JavaThread "C2 CompilerThread0" daemon [_thread_blocked, id=17155, stack(0x000070000f861000,0x000070000f961000)]
  0x00007fb98084b800 JavaThread "Signal Dispatcher" daemon [_thread_blocked, id=16643, stack(0x000070000f75e000,0x000070000f85e000)]
  0x00007fb980836800 JavaThread "Finalizer" daemon [_thread_blocked, id=12291, stack(0x000070000f5d8000,0x000070000f6d8000)]
  0x00007fb981828800 JavaThread "Reference Handler" daemon [_thread_blocked, id=11779, stack(0x000070000f4d5000,0x000070000f5d5000)]

Other Threads:
  0x00007fb98082c800 VMThread [stack: 0x000070000f3d2000,0x000070000f4d2000] [id=11267]
  0x00007fb980862800 WatcherThread [stack: 0x000070000fc6d000,0x000070000fd6d000] [id=19203]

VM state:not at safepoint (normal execution)

VM Mutex/Monitor currently owned by a thread: None

Heap:
 PSYoungGen      total 38400K, used 6021K [0x0000000795580000, 0x0000000798000000, 0x00000007c0000000)
  eden space 33280K, 9% used [0x0000000795580000,0x00000007958929b8,0x0000000797600000)
  from space 5120K, 56% used [0x0000000797b00000,0x0000000797dcec70,0x0000000798000000)
  to   space 5120K, 0% used [0x0000000797600000,0x0000000797600000,0x0000000797b00000)
 ParOldGen       total 87552K, used 6887K [0x0000000740000000, 0x0000000745580000, 0x0000000795580000)
  object space 87552K, 7% used [0x0000000740000000,0x00000007406b9e30,0x0000000745580000)
 Metaspace       used 9198K, capacity 9484K, committed 9728K, reserved 1058816K
  class space    used 1125K, capacity 1230K, committed 1280K, reserved 1048576K

Card table byte_map: [0x0000000106f67000,0x0000000107368000] byte_map_base: 0x0000000103567000

Marking Bits: (ParMarkBitMap*) 0x00000001064f35d0
 Begin Bits: [0x00000001184b5000, 0x000000011a4b5000)
 End Bits:   [0x000000011a4b5000, 0x000000011c4b5000)

Polling page: 0x00000001053c7000

CodeCache: size=245760Kb used=2508Kb max_used=2508Kb free=243251Kb
 bounds [0x00000001094b5000, 0x0000000109735000, 0x00000001184b5000]
 total_blobs=1158 nmethods=686 adapters=386
 compilation: enabled

Compilation events (10 events):
Event: 1303.088 Thread 0x00007fb98084f000  687       3       com.apple.laf.AquaImageFactory$SystemColorProxy::getRGB (8 bytes)
Event: 1303.088 Thread 0x00007fb98084f000 nmethod 687 0x0000000109725c10 code [0x0000000109725d80, 0x0000000109725fa8]
Event: 1303.088 Thread 0x00007fb98084f000  688       1       java.util.ArrayList::elementData (7 bytes)
Event: 1303.088 Thread 0x00007fb98084f000 nmethod 688 0x0000000109726050 code [0x00000001097261a0, 0x00000001097262d0]
Event: 1303.221 Thread 0x00007fb98084f000  689       3       sun.java2d.pipe.RenderQueue::lock (4 bytes)
Event: 1303.221 Thread 0x00007fb98084f000 nmethod 689 0x0000000109726390 code [0x0000000109726520, 0x0000000109726888]
Event: 1303.253 Thread 0x00007fb98084f000  690       3       java.util.HashMap::keySet (25 bytes)
Event: 1303.268 Thread 0x00007fb98084f000 nmethod 690 0x0000000109726a10 code [0x0000000109726ba0, 0x0000000109726f30]
Event: 1303.269 Thread 0x00007fb98084f000  691  s    3       sun.java2d.opengl.OGLRenderQueue::getInstance (20 bytes)
Event: 1303.270 Thread 0x00007fb98084f000 nmethod 691 0x00000001097270d0 code [0x0000000109727320, 0x00000001097284b8]

GC Heap History (8 events):
Event: 6.865 GC heap before
{Heap before GC invocations=1 (full 0):
 PSYoungGen      total 38400K, used 32321K [0x0000000795580000, 0x0000000798000000, 0x00000007c0000000)
  eden space 33280K, 97% used [0x0000000795580000,0x00000007975105a8,0x0000000797600000)
  from space 5120K, 0% used [0x0000000797b00000,0x0000000797b00000,0x0000000798000000)
  to   space 5120K, 0% used [0x0000000797600000,0x0000000797600000,0x0000000797b00000)
 ParOldGen       total 87552K, used 0K [0x0000000740000000, 0x0000000745580000, 0x0000000795580000)
  object space 87552K, 0% used [0x0000000740000000,0x0000000740000000,0x0000000745580000)
 Metaspace       used 8962K, capacity 9184K, committed 9472K, reserved 1056768K
  class space    used 1096K, capacity 1198K, committed 1280K, reserved 1048576K
Event: 6.875 GC heap after
Heap after GC invocations=1 (full 0):
 PSYoungGen      total 38400K, used 4246K [0x0000000795580000, 0x0000000798000000, 0x00000007c0000000)
  eden space 33280K, 0% used [0x0000000795580000,0x0000000795580000,0x0000000797600000)
  from space 5120K, 82% used [0x0000000797600000,0x0000000797a25900,0x0000000797b00000)
  to   space 5120K, 0% used [0x0000000797b00000,0x0000000797b00000,0x0000000798000000)
 ParOldGen       total 87552K, used 1379K [0x0000000740000000, 0x0000000745580000, 0x0000000795580000)
  object space 87552K, 1% used [0x0000000740000000,0x0000000740158c70,0x0000000745580000)
 Metaspace       used 8962K, capacity 9184K, committed 9472K, reserved 1056768K
  class space    used 1096K, capacity 1198K, committed 1280K, reserved 1048576K
}
Event: 9.812 GC heap before
{Heap before GC invocations=2 (full 0):
 PSYoungGen      total 38400K, used 36969K [0x0000000795580000, 0x0000000798000000, 0x00000007c0000000)
  eden space 33280K, 98% used [0x0000000795580000,0x0000000797574e70,0x0000000797600000)
  from space 5120K, 82% used [0x0000000797600000,0x0000000797a25900,0x0000000797b00000)
  to   space 5120K, 0% used [0x0000000797b00000,0x0000000797b00000,0x0000000798000000)
 ParOldGen       total 87552K, used 1379K [0x0000000740000000, 0x0000000745580000, 0x0000000795580000)
  object space 87552K, 1% used [0x0000000740000000,0x0000000740158c70,0x0000000745580000)
 Metaspace       used 8978K, capacity 9248K, committed 9472K, reserved 1056768K
  class space    used 1096K, capacity 1198K, committed 1280K, reserved 1048576K
Event: 9.819 GC heap after
Heap after GC invocations=2 (full 0):
 PSYoungGen      total 38400K, used 4198K [0x0000000795580000, 0x0000000798000000, 0x00000007c0000000)
  eden space 33280K, 0% used [0x0000000795580000,0x0000000795580000,0x0000000797600000)
  from space 5120K, 81% used [0x0000000797b00000,0x0000000797f198f0,0x0000000798000000)
  to   space 5120K, 0% used [0x0000000797600000,0x0000000797600000,0x0000000797b00000)
 ParOldGen       total 87552K, used 2758K [0x0000000740000000, 0x0000000745580000, 0x0000000795580000)
  object space 87552K, 3% used [0x0000000740000000,0x00000007402b18e0,0x0000000745580000)
 Metaspace       used 8978K, capacity 9248K, committed 9472K, reserved 1056768K
  class space    used 1096K, capacity 1198K, committed 1280K, reserved 1048576K
}
Event: 14.289 GC heap before
{Heap before GC invocations=3 (full 0):
 PSYoungGen      total 38400K, used 37478K [0x0000000795580000, 0x0000000798000000, 0x00000007c0000000)
  eden space 33280K, 100% used [0x0000000795580000,0x0000000797600000,0x0000000797600000)
  from space 5120K, 81% used [0x0000000797b00000,0x0000000797f198f0,0x0000000798000000)
  to   space 5120K, 0% used [0x0000000797600000,0x0000000797600000,0x0000000797b00000)
 ParOldGen       total 87552K, used 2758K [0x0000000740000000, 0x0000000745580000, 0x0000000795580000)
  object space 87552K, 3% used [0x0000000740000000,0x00000007402b18e0,0x0000000745580000)
 Metaspace       used 8998K, capacity 9248K, committed 9472K, reserved 1056768K
  class space    used 1096K, capacity 1198K, committed 1280K, reserved 1048576K
Event: 14.296 GC heap after
Heap after GC invocations=3 (full 0):
 PSYoungGen      total 38400K, used 4278K [0x0000000795580000, 0x0000000798000000, 0x00000007c0000000)
  eden space 33280K, 0% used [0x0000000795580000,0x0000000795580000,0x0000000797600000)
  from space 5120K, 83% used [0x0000000797600000,0x0000000797a2d8e0,0x0000000797b00000)
  to   space 5120K, 0% used [0x0000000797b00000,0x0000000797b00000,0x0000000798000000)
 ParOldGen       total 87552K, used 6879K [0x0000000740000000, 0x0000000745580000, 0x0000000795580000)
  object space 87552K, 7% used [0x0000000740000000,0x00000007406b7e30,0x0000000745580000)
 Metaspace       used 8998K, capacity 9248K, committed 9472K, reserved 1056768K
  class space    used 1096K, capacity 1198K, committed 1280K, reserved 1048576K
}
Event: 1303.254 GC heap before
{Heap before GC invocations=4 (full 0):
 PSYoungGen      total 38400K, used 36414K [0x0000000795580000, 0x0000000798000000, 0x00000007c0000000)
  eden space 33280K, 96% used [0x0000000795580000,0x00000007974e22e8,0x0000000797600000)
  from space 5120K, 83% used [0x0000000797600000,0x0000000797a2d8e0,0x0000000797b00000)
  to   space 5120K, 0% used [0x0000000797b00000,0x0000000797b00000,0x0000000798000000)
 ParOldGen       total 87552K, used 6879K [0x0000000740000000, 0x0000000745580000, 0x0000000795580000)
  object space 87552K, 7% used [0x0000000740000000,0x00000007406b7e30,0x0000000745580000)
 Metaspace       used 9194K, capacity 9476K, committed 9728K, reserved 1058816K
  class space    used 1125K, capacity 1230K, committed 1280K, reserved 1048576K
Event: 1303.267 GC heap after
Heap after GC invocations=4 (full 0):
 PSYoungGen      total 38400K, used 2875K [0x0000000795580000, 0x0000000798000000, 0x00000007c0000000)
  eden space 33280K, 0% used [0x0000000795580000,0x0000000795580000,0x0000000797600000)
  from space 5120K, 56% used [0x0000000797b00000,0x0000000797dcec70,0x0000000798000000)
  to   space 5120K, 0% used [0x0000000797600000,0x0000000797600000,0x0000000797b00000)
 ParOldGen       total 87552K, used 6887K [0x0000000740000000, 0x0000000745580000, 0x0000000795580000)
  object space 87552K, 7% used [0x0000000740000000,0x00000007406b9e30,0x0000000745580000)
 Metaspace       used 9194K, capacity 9476K, committed 9728K, reserved 1058816K
  class space    used 1125K, capacity 1230K, committed 1280K, reserved 1048576K
}

Deoptimization events (1 events):
Event: 0.889 Thread 0x00007fb980805000 Uncommon trap: reason=unstable_if action=reinterpret pc=0x00000001095d8c68 method=java.lang.String.hashCode()I @ 14

Internal exceptions (10 events):
Event: 0.801 Thread 0x00007fb980805000 Exception <a 'java/security/PrivilegedActionException'> (0x00000007956ed2c0) thrown at [/Users/java_re/workspace/8-2-build-macosx-x86_64/jdk8u144/9417/hotspot/src/share/vm/prims/jvm.cpp, line 1390]
Event: 1.036 Thread 0x00007fb980805000 Exception <a 'java/security/PrivilegedActionException'> (0x0000000795763680) thrown at [/Users/java_re/workspace/8-2-build-macosx-x86_64/jdk8u144/9417/hotspot/src/share/vm/prims/jvm.cpp, line 1390]
Event: 1.036 Thread 0x00007fb980805000 Exception <a 'java/security/PrivilegedActionException'> (0x0000000795763890) thrown at [/Users/java_re/workspace/8-2-build-macosx-x86_64/jdk8u144/9417/hotspot/src/share/vm/prims/jvm.cpp, line 1390]
Event: 1.036 Thread 0x00007fb980805000 Exception <a 'java/security/PrivilegedActionException'> (0x0000000795766bc0) thrown at [/Users/java_re/workspace/8-2-build-macosx-x86_64/jdk8u144/9417/hotspot/src/share/vm/prims/jvm.cpp, line 1390]
Event: 1.036 Thread 0x00007fb980805000 Exception <a 'java/security/PrivilegedActionException'> (0x0000000795766dd0) thrown at [/Users/java_re/workspace/8-2-build-macosx-x86_64/jdk8u144/9417/hotspot/src/share/vm/prims/jvm.cpp, line 1390]
Event: 1.272 Thread 0x00007fb980805000 Exception <a 'java/lang/NoSuchFieldError': method resolution failed> (0x00000007958356d8) thrown at [/Users/java_re/workspace/8-2-build-macosx-x86_64/jdk8u144/9417/hotspot/src/share/vm/prims/methodHandles.cpp, line 1146]
Event: 1.274 Thread 0x00007fb980805000 Exception <a 'java/lang/NoSuchFieldError': method resolution failed> (0x0000000795842ea8) thrown at [/Users/java_re/workspace/8-2-build-macosx-x86_64/jdk8u144/9417/hotspot/src/share/vm/prims/methodHandles.cpp, line 1146]
Event: 1.593 Thread 0x00007fb980805000 Exception <a 'java/io/FileNotFoundException'> (0x00000007958bd698) thrown at [/Users/java_re/workspace/8-2-build-macosx-x86_64/jdk8u144/9417/hotspot/src/share/vm/prims/jni.cpp, line 709]
Event: 1.593 Thread 0x00007fb980805000 Exception <a 'java/io/FileNotFoundException'> (0x00000007958be208) thrown at [/Users/java_re/workspace/8-2-build-macosx-x86_64/jdk8u144/9417/hotspot/src/share/vm/prims/jni.cpp, line 709]
Event: 6.876 Thread 0x00007fb980836800 Exception <a 'java/lang/NullPointerException'> (0x000000079577d2e8) thrown at [/Users/java_re/workspace/8-2-build-macosx-x86_64/jdk8u144/9417/hotspot/src/share/vm/interpreter/linkResolver.cpp, line 1197]

Events (10 events):
Event: 1303.270 Executing VM operation: RevokeBias
Event: 1303.271 Executing VM operation: RevokeBias done
Event: 1303.271 Executing VM operation: RevokeBias
Event: 1303.271 Executing VM operation: RevokeBias done
Event: 1303.271 Executing VM operation: RevokeBias
Event: 1303.271 Executing VM operation: RevokeBias done
Event: 1303.271 Executing VM operation: RevokeBias
Event: 1303.271 Executing VM operation: RevokeBias done
Event: 1303.271 Executing VM operation: RevokeBias
Event: 1303.271 Executing VM operation: RevokeBias done


Dynamic libraries:
0x000000005c51a000 	/System/Library/Frameworks/Cocoa.framework/Versions/A/Cocoa
0x000000005c51a000 	/System/Library/Frameworks/Security.framework/Versions/A/Security
0x000000005c51a000 	/System/Library/Frameworks/ApplicationServices.framework/Versions/A/ApplicationServices
0x000000005c51a000 	/usr/lib/libz.1.dylib
0x000000005c51a000 	/usr/lib/libSystem.B.dylib
0x000000005c51a000 	/usr/lib/libobjc.A.dylib
0x000000005c51a000 	/System/Library/Frameworks/CoreFoundation.framework/Versions/A/CoreFoundation
0x000000005c51a000 	/System/Library/Frameworks/Foundation.framework/Versions/C/Foundation
0x000000005c51a000 	/System/Library/Frameworks/AppKit.framework/Versions/C/AppKit
0x000000005c51a000 	/System/Library/Frameworks/CoreData.framework/Versions/A/CoreData
0x000000005c51a000 	/System/Library/PrivateFrameworks/RemoteViewServices.framework/Versions/A/RemoteViewServices
0x000000005c51a000 	/System/Library/PrivateFrameworks/UIFoundation.framework/Versions/A/UIFoundation
0x000000005c51a000 	/System/Library/PrivateFrameworks/DFRFoundation.framework/Versions/A/DFRFoundation
0x000000005c51a000 	/usr/lib/libenergytrace.dylib
0x000000005c51a000 	/System/Library/PrivateFrameworks/SkyLight.framework/Versions/A/SkyLight
0x000000005c51a000 	/System/Library/Frameworks/CoreGraphics.framework/Versions/A/CoreGraphics
0x000000005c51a000 	/usr/lib/libScreenReader.dylib
0x000000005c51a000 	/System/Library/Frameworks/Accelerate.framework/Versions/A/Accelerate
0x000000005c51a000 	/System/Library/Frameworks/IOSurface.framework/Versions/A/IOSurface
0x000000005c51a000 	/System/Library/Frameworks/AudioToolbox.framework/Versions/A/AudioToolbox
0x000000005c51a000 	/System/Library/Frameworks/AudioUnit.framework/Versions/A/AudioUnit
0x000000005c51a000 	/System/Library/PrivateFrameworks/DataDetectorsCore.framework/Versions/A/DataDetectorsCore
0x000000005c51a000 	/System/Library/PrivateFrameworks/DesktopServicesPriv.framework/Versions/A/DesktopServicesPriv
0x000000005c51a000 	/System/Library/Frameworks/Carbon.framework/Versions/A/Frameworks/HIToolbox.framework/Versions/A/HIToolbox
0x000000005c51a000 	/usr/lib/libicucore.A.dylib
0x000000005c51a000 	/System/Library/Frameworks/QuartzCore.framework/Versions/A/QuartzCore
0x000000005c51a000 	/System/Library/Frameworks/Carbon.framework/Versions/A/Frameworks/SpeechRecognition.framework/Versions/A/SpeechRecognition
0x000000005c51a000 	/usr/lib/libauto.dylib
0x000000005c51a000 	/usr/lib/libxml2.2.dylib
0x000000005c51a000 	/System/Library/PrivateFrameworks/CoreUI.framework/Versions/A/CoreUI
0x000000005c51a000 	/System/Library/Frameworks/CoreAudio.framework/Versions/A/CoreAudio
0x000000005c51a000 	/System/Library/Frameworks/DiskArbitration.framework/Versions/A/DiskArbitration
0x000000005c51a000 	/usr/lib/liblangid.dylib
0x000000005c51a000 	/System/Library/PrivateFrameworks/MultitouchSupport.framework/Versions/A/MultitouchSupport
0x000000005c51a000 	/System/Library/Frameworks/IOKit.framework/Versions/A/IOKit
0x000000005c51a000 	/usr/lib/libDiagnosticMessagesClient.dylib
0x000000005c51a000 	/System/Library/Frameworks/CoreServices.framework/Versions/A/CoreServices
0x000000005c51a000 	/System/Library/PrivateFrameworks/PerformanceAnalysis.framework/Versions/A/PerformanceAnalysis
0x000000005c51a000 	/System/Library/PrivateFrameworks/GenerationalStorage.framework/Versions/A/GenerationalStorage
0x000000005c51a000 	/System/Library/Frameworks/OpenGL.framework/Versions/A/OpenGL
0x000000005c51a000 	/System/Library/Frameworks/CoreImage.framework/Versions/A/CoreImage
0x000000005c51a000 	/System/Library/Frameworks/CoreText.framework/Versions/A/CoreText
0x000000005c51a000 	/System/Library/Frameworks/ImageIO.framework/Versions/A/ImageIO
0x000000005c51a000 	/System/Library/PrivateFrameworks/Backup.framework/Versions/A/Backup
0x000000005c51a000 	/usr/lib/libarchive.2.dylib
0x000000005c51a000 	/System/Library/Frameworks/CFNetwork.framework/Versions/A/CFNetwork
0x000000005c51a000 	/System/Library/Frameworks/SystemConfiguration.framework/Versions/A/SystemConfiguration
0x000000005c51a000 	/usr/lib/libCRFSuite.dylib
0x000000005c51a000 	/usr/lib/libc++.1.dylib
0x000000005c51a000 	/usr/lib/libc++abi.dylib
0x000000005c51a000 	/usr/lib/system/libcache.dylib
0x000000005c51a000 	/usr/lib/system/libcommonCrypto.dylib
0x000000005c51a000 	/usr/lib/system/libcompiler_rt.dylib
0x000000005c51a000 	/usr/lib/system/libcopyfile.dylib
0x000000005c51a000 	/usr/lib/system/libcorecrypto.dylib
0x000000005c51a000 	/usr/lib/system/libdispatch.dylib
0x000000005c51a000 	/usr/lib/system/libdyld.dylib
0x000000005c51a000 	/usr/lib/system/libkeymgr.dylib
0x000000005c51a000 	/usr/lib/system/liblaunch.dylib
0x000000005c51a000 	/usr/lib/system/libmacho.dylib
0x000000005c51a000 	/usr/lib/system/libquarantine.dylib
0x000000005c51a000 	/usr/lib/system/libremovefile.dylib
0x000000005c51a000 	/usr/lib/system/libsystem_asl.dylib
0x000000005c51a000 	/usr/lib/system/libsystem_blocks.dylib
0x000000005c51a000 	/usr/lib/system/libsystem_c.dylib
0x000000005c51a000 	/usr/lib/system/libsystem_configuration.dylib
0x000000005c51a000 	/usr/lib/system/libsystem_coreservices.dylib
0x000000005c51a000 	/usr/lib/system/libsystem_coretls.dylib
0x000000005c51a000 	/usr/lib/system/libsystem_dnssd.dylib
0x000000005c51a000 	/usr/lib/system/libsystem_info.dylib
0x000000005c51a000 	/usr/lib/system/libsystem_kernel.dylib
0x000000005c51a000 	/usr/lib/system/libsystem_m.dylib
0x000000005c51a000 	/usr/lib/system/libsystem_malloc.dylib
0x000000005c51a000 	/usr/lib/system/libsystem_network.dylib
0x000000005c51a000 	/usr/lib/system/libsystem_networkextension.dylib
0x000000005c51a000 	/usr/lib/system/libsystem_notify.dylib
0x000000005c51a000 	/usr/lib/system/libsystem_platform.dylib
0x000000005c51a000 	/usr/lib/system/libsystem_pthread.dylib
0x000000005c51a000 	/usr/lib/system/libsystem_sandbox.dylib
0x000000005c51a000 	/usr/lib/system/libsystem_secinit.dylib
0x000000005c51a000 	/usr/lib/system/libsystem_symptoms.dylib
0x000000005c51a000 	/usr/lib/system/libsystem_trace.dylib
0x000000005c51a000 	/usr/lib/system/libunwind.dylib
0x000000005c51a000 	/usr/lib/system/libxpc.dylib
0x000000005c51a000 	/usr/lib/libbsm.0.dylib
0x000000005c51a000 	/usr/lib/system/libkxld.dylib
0x000000005c51a000 	/usr/lib/libcoretls.dylib
0x000000005c51a000 	/usr/lib/libcoretls_cfhelpers.dylib
0x000000005c51a000 	/usr/lib/libOpenScriptingUtil.dylib
0x000000005c51a000 	/usr/lib/libpam.2.dylib
0x000000005c51a000 	/usr/lib/libsqlite3.dylib
0x000000005c51a000 	/usr/lib/libxar.1.dylib
0x000000005c51a000 	/usr/lib/libbz2.1.0.dylib
0x000000005c51a000 	/usr/lib/liblzma.5.dylib
0x000000005c51a000 	/usr/lib/libnetwork.dylib
0x000000005c51a000 	/usr/lib/libpcap.A.dylib
0x000000005c51a000 	/System/Library/Frameworks/CoreServices.framework/Versions/A/Frameworks/FSEvents.framework/Versions/A/FSEvents
0x000000005c51a000 	/System/Library/Frameworks/CoreServices.framework/Versions/A/Frameworks/CarbonCore.framework/Versions/A/CarbonCore
0x000000005c51a000 	/System/Library/Frameworks/CoreServices.framework/Versions/A/Frameworks/Metadata.framework/Versions/A/Metadata
0x000000005c51a000 	/System/Library/Frameworks/CoreServices.framework/Versions/A/Frameworks/OSServices.framework/Versions/A/OSServices
0x000000005c51a000 	/System/Library/Frameworks/CoreServices.framework/Versions/A/Frameworks/SearchKit.framework/Versions/A/SearchKit
0x000000005c51a000 	/System/Library/Frameworks/CoreServices.framework/Versions/A/Frameworks/AE.framework/Versions/A/AE
0x000000005c51a000 	/System/Library/Frameworks/CoreServices.framework/Versions/A/Frameworks/LaunchServices.framework/Versions/A/LaunchServices
0x000000005c51a000 	/System/Library/Frameworks/CoreServices.framework/Versions/A/Frameworks/DictionaryServices.framework/Versions/A/DictionaryServices
0x000000005c51a000 	/System/Library/Frameworks/CoreServices.framework/Versions/A/Frameworks/SharedFileList.framework/Versions/A/SharedFileList
0x000000005c51a000 	/System/Library/Frameworks/NetFS.framework/Versions/A/NetFS
0x000000005c51a000 	/System/Library/PrivateFrameworks/NetAuth.framework/Versions/A/NetAuth
0x000000005c51a000 	/System/Library/PrivateFrameworks/login.framework/Versions/A/Frameworks/loginsupport.framework/Versions/A/loginsupport
0x000000005c51a000 	/System/Library/PrivateFrameworks/TCC.framework/Versions/A/TCC
0x000000005c51a000 	/usr/lib/libmecabra.dylib
0x000000005c51a000 	/System/Library/Frameworks/ApplicationServices.framework/Versions/A/Frameworks/ATS.framework/Versions/A/ATS
0x000000005c51a000 	/System/Library/Frameworks/ApplicationServices.framework/Versions/A/Frameworks/ColorSync.framework/Versions/A/ColorSync
0x000000005c51a000 	/System/Library/Frameworks/ApplicationServices.framework/Versions/A/Frameworks/HIServices.framework/Versions/A/HIServices
0x000000005c51a000 	/System/Library/Frameworks/ApplicationServices.framework/Versions/A/Frameworks/LangAnalysis.framework/Versions/A/LangAnalysis
0x000000005c51a000 	/System/Library/Frameworks/ApplicationServices.framework/Versions/A/Frameworks/PrintCore.framework/Versions/A/PrintCore
0x000000005c51a000 	/System/Library/Frameworks/ApplicationServices.framework/Versions/A/Frameworks/QD.framework/Versions/A/QD
0x000000005c51a000 	/System/Library/Frameworks/ApplicationServices.framework/Versions/A/Frameworks/SpeechSynthesis.framework/Versions/A/SpeechSynthesis
0x000000005c51a000 	/System/Library/Frameworks/Accelerate.framework/Versions/A/Frameworks/vImage.framework/Versions/A/vImage
0x000000005c51a000 	/System/Library/Frameworks/Accelerate.framework/Versions/A/Frameworks/vecLib.framework/Versions/A/vecLib
0x000000005c51a000 	/System/Library/Frameworks/Accelerate.framework/Versions/A/Frameworks/vecLib.framework/Versions/A/libvDSP.dylib
0x000000005c51a000 	/System/Library/Frameworks/Accelerate.framework/Versions/A/Frameworks/vecLib.framework/Versions/A/libBNNS.dylib
0x000000005c51a000 	/System/Library/Frameworks/Accelerate.framework/Versions/A/Frameworks/vecLib.framework/Versions/A/libQuadrature.dylib
0x000000005c51a000 	/System/Library/Frameworks/Accelerate.framework/Versions/A/Frameworks/vecLib.framework/Versions/A/libvMisc.dylib
0x000000005c51a000 	/System/Library/Frameworks/Accelerate.framework/Versions/A/Frameworks/vecLib.framework/Versions/A/libLAPACK.dylib
0x000000005c51a000 	/System/Library/Frameworks/Accelerate.framework/Versions/A/Frameworks/vecLib.framework/Versions/A/libBLAS.dylib
0x000000005c51a000 	/System/Library/Frameworks/Accelerate.framework/Versions/A/Frameworks/vecLib.framework/Versions/A/libLinearAlgebra.dylib
0x000000005c51a000 	/System/Library/Frameworks/Accelerate.framework/Versions/A/Frameworks/vecLib.framework/Versions/A/libSparseBLAS.dylib
0x000000005c51a000 	/System/Library/Frameworks/ApplicationServices.framework/Versions/A/Frameworks/ATS.framework/Versions/A/Resources/libFontParser.dylib
0x000000005c51a000 	/System/Library/Frameworks/ApplicationServices.framework/Versions/A/Frameworks/ATS.framework/Versions/A/Resources/libFontRegistry.dylib
0x000000005c51a000 	/System/Library/Frameworks/ImageIO.framework/Versions/A/Resources/libJPEG.dylib
0x000000005c51a000 	/System/Library/Frameworks/ImageIO.framework/Versions/A/Resources/libTIFF.dylib
0x000000005c51a000 	/System/Library/Frameworks/ImageIO.framework/Versions/A/Resources/libPng.dylib
0x000000005c51a000 	/System/Library/Frameworks/ImageIO.framework/Versions/A/Resources/libGIF.dylib
0x000000005c51a000 	/System/Library/Frameworks/ImageIO.framework/Versions/A/Resources/libJP2.dylib
0x000000005c51a000 	/System/Library/Frameworks/ImageIO.framework/Versions/A/Resources/libRadiance.dylib
0x000000005c51a000 	/usr/lib/libcompression.dylib
0x000000005c51a000 	/System/Library/PrivateFrameworks/AppleJPEG.framework/Versions/A/AppleJPEG
0x000000005c51a000 	/usr/lib/libcups.2.dylib
0x000000005c51a000 	/System/Library/Frameworks/Kerberos.framework/Versions/A/Kerberos
0x000000005c51a000 	/System/Library/Frameworks/GSS.framework/Versions/A/GSS
0x000000005c51a000 	/usr/lib/libresolv.9.dylib
0x000000005c51a000 	/usr/lib/libiconv.2.dylib
0x000000005c51a000 	/System/Library/PrivateFrameworks/Heimdal.framework/Versions/A/Heimdal
0x000000005c51a000 	/usr/lib/libheimdal-asn1.dylib
0x000000005c51a000 	/System/Library/Frameworks/OpenDirectory.framework/Versions/A/OpenDirectory
0x000000005c51a000 	/System/Library/PrivateFrameworks/CommonAuth.framework/Versions/A/CommonAuth
0x000000005c51a000 	/System/Library/Frameworks/OpenDirectory.framework/Versions/A/Frameworks/CFOpenDirectory.framework/Versions/A/CFOpenDirectory
0x000000005c51a000 	/System/Library/Frameworks/SecurityFoundation.framework/Versions/A/SecurityFoundation
0x000000005c51a000 	/System/Library/PrivateFrameworks/LanguageModeling.framework/Versions/A/LanguageModeling
0x000000005c51a000 	/usr/lib/libmarisa.dylib
0x000000005c51a000 	/usr/lib/libChineseTokenizer.dylib
0x000000005c51a000 	/usr/lib/libcmph.dylib
0x000000005c51a000 	/System/Library/PrivateFrameworks/CoreEmoji.framework/Versions/A/CoreEmoji
0x000000005c51a000 	/System/Library/Frameworks/ServiceManagement.framework/Versions/A/ServiceManagement
0x000000005c51a000 	/usr/lib/libxslt.1.dylib
0x000000005c51a000 	/System/Library/Frameworks/Carbon.framework/Versions/A/Frameworks/Ink.framework/Versions/A/Ink
0x000000005c51a000 	/System/Library/PrivateFrameworks/TextureIO.framework/Versions/A/TextureIO
0x000000005c51a000 	/System/Library/Frameworks/Metal.framework/Versions/A/Metal
0x000000005c51a000 	/usr/lib/libate.dylib
0x000000005c51a000 	/System/Library/PrivateFrameworks/GPUCompiler.framework/libmetal_timestamp.dylib
0x000000005c51a000 	/System/Library/Frameworks/OpenGL.framework/Versions/A/Libraries/libCoreFSCache.dylib
0x000000005c51a000 	/System/Library/PrivateFrameworks/IOAccelerator.framework/Versions/A/IOAccelerator
0x000000005c51a000 	/System/Library/Frameworks/CoreVideo.framework/Versions/A/CoreVideo
0x000000005c51a000 	/usr/lib/libFosl_dynamic.dylib
0x000000005c51a000 	/System/Library/PrivateFrameworks/MetalPerformanceShaders.framework/Versions/A/MetalPerformanceShaders
0x000000005c51a000 	/System/Library/PrivateFrameworks/FaceCore.framework/Versions/A/FaceCore
0x000000005c51a000 	/System/Library/Frameworks/OpenCL.framework/Versions/A/OpenCL
0x000000005c51a000 	/System/Library/Frameworks/OpenGL.framework/Versions/A/Libraries/libGLU.dylib
0x000000005c51a000 	/System/Library/Frameworks/OpenGL.framework/Versions/A/Libraries/libGFXShared.dylib
0x000000005c51a000 	/System/Library/Frameworks/OpenGL.framework/Versions/A/Libraries/libGL.dylib
0x000000005c51a000 	/System/Library/Frameworks/OpenGL.framework/Versions/A/Libraries/libGLImage.dylib
0x000000005c51a000 	/System/Library/Frameworks/OpenGL.framework/Versions/A/Libraries/libCVMSPluginSupport.dylib
0x000000005c51a000 	/System/Library/Frameworks/OpenGL.framework/Versions/A/Libraries/libCoreVMClient.dylib
0x000000005c51a000 	/System/Library/PrivateFrameworks/CrashReporterSupport.framework/Versions/A/CrashReporterSupport
0x000000005c51a000 	/System/Library/PrivateFrameworks/Sharing.framework/Versions/A/Sharing
0x000000005c51a000 	/System/Library/PrivateFrameworks/IconServices.framework/Versions/A/IconServices
0x000000005c51a000 	/System/Library/PrivateFrameworks/ProtocolBuffer.framework/Versions/A/ProtocolBuffer
0x000000005c51a000 	/System/Library/PrivateFrameworks/Apple80211.framework/Versions/A/Apple80211
0x000000005c51a000 	/System/Library/Frameworks/CoreWLAN.framework/Versions/A/CoreWLAN
0x000000005c51a000 	/System/Library/PrivateFrameworks/CoreUtils.framework/Versions/A/CoreUtils
0x000000005c51a000 	/System/Library/Frameworks/IOBluetooth.framework/Versions/A/IOBluetooth
0x000000005c51a000 	/System/Library/PrivateFrameworks/CoreWiFi.framework/Versions/A/CoreWiFi
0x000000005c51a000 	/System/Library/Frameworks/CoreBluetooth.framework/Versions/A/CoreBluetooth
0x000000005c51a000 	/System/Library/Frameworks/CoreDisplay.framework/Versions/A/CoreDisplay
0x000000005c51a000 	/System/Library/PrivateFrameworks/IOPresentment.framework/Versions/A/IOPresentment
0x000000005c51a000 	/System/Library/PrivateFrameworks/DSExternalDisplay.framework/Versions/A/DSExternalDisplay
0x000000005c51a000 	/System/Library/PrivateFrameworks/DebugSymbols.framework/Versions/A/DebugSymbols
0x000000005c51a000 	/System/Library/PrivateFrameworks/CoreSymbolication.framework/Versions/A/CoreSymbolication
0x000000005c51a000 	/System/Library/PrivateFrameworks/Symbolication.framework/Versions/A/Symbolication
0x000000005c51a000 	/System/Library/PrivateFrameworks/AppleFSCompression.framework/Versions/A/AppleFSCompression
0x000000005c51a000 	/System/Library/PrivateFrameworks/SpeechRecognitionCore.framework/Versions/A/SpeechRecognitionCore
0x000000005c51a000 	/System/Library/PrivateFrameworks/ChunkingLibrary.framework/Versions/A/ChunkingLibrary
0x0000000105c00000 	/Library/Java/JavaVirtualMachines/jdk1.8.0_144.jdk/Contents/Home/jre/lib/server/libjvm.dylib
0x000000005c51a000 	/usr/lib/libstdc++.6.dylib
0x0000000105384000 	/Library/Java/JavaVirtualMachines/jdk1.8.0_144.jdk/Contents/Home/jre/lib/libverify.dylib
0x0000000105392000 	/Library/Java/JavaVirtualMachines/jdk1.8.0_144.jdk/Contents/Home/jre/lib/libjava.dylib
0x00000001053d1000 	/Library/Java/JavaVirtualMachines/jdk1.8.0_144.jdk/Contents/Home/jre/lib/libzip.dylib
0x00000001093eb000 	/System/Library/Frameworks/JavaVM.framework/Frameworks/JavaRuntimeSupport.framework/JavaRuntimeSupport
0x0000000109405000 	/System/Library/Frameworks/JavaVM.framework/Versions/A/Frameworks/JavaNativeFoundation.framework/Versions/A/JavaNativeFoundation
0x000000010941a000 	/System/Library/Frameworks/JavaVM.framework/Versions/A/JavaVM
0x000000005c51a000 	/System/Library/Frameworks/Carbon.framework/Versions/A/Carbon
0x000000011c5b5000 	/System/Library/PrivateFrameworks/JavaLaunching.framework/Versions/A/JavaLaunching
0x000000005c51a000 	/System/Library/Frameworks/Carbon.framework/Versions/A/Frameworks/CommonPanels.framework/Versions/A/CommonPanels
0x000000005c51a000 	/System/Library/Frameworks/Carbon.framework/Versions/A/Frameworks/Help.framework/Versions/A/Help
0x000000005c51a000 	/System/Library/Frameworks/Carbon.framework/Versions/A/Frameworks/ImageCapture.framework/Versions/A/ImageCapture
0x000000005c51a000 	/System/Library/Frameworks/Carbon.framework/Versions/A/Frameworks/OpenScripting.framework/Versions/A/OpenScripting
0x000000005c51a000 	/System/Library/Frameworks/Carbon.framework/Versions/A/Frameworks/Print.framework/Versions/A/Print
0x000000005c51a000 	/System/Library/Frameworks/Carbon.framework/Versions/A/Frameworks/SecurityHI.framework/Versions/A/SecurityHI
0x000000011df1c000 	/Library/Java/JavaVirtualMachines/jdk1.8.0_144.jdk/Contents/Home/jre/lib/libawt.dylib
0x000000011dfc4000 	/Library/Java/JavaVirtualMachines/jdk1.8.0_144.jdk/Contents/Home/jre/lib/./libmlib_image.dylib
0x000000011e090000 	/Library/Java/JavaVirtualMachines/jdk1.8.0_144.jdk/Contents/Home/jre/lib/libawt_lwawt.dylib
0x000000011e147000 	/Library/Java/JavaVirtualMachines/jdk1.8.0_144.jdk/Contents/Home/jre/lib/./libosxapp.dylib
0x000000005c51a000 	/System/Library/Frameworks/ExceptionHandling.framework/Versions/A/ExceptionHandling
0x000000005c51a000 	/System/Library/PrivateFrameworks/CoreServicesInternal.framework/Versions/A/CoreServicesInternal
0x000000005c51a000 	/System/Library/CoreServices/RawCamera.bundle/Contents/MacOS/RawCamera
0x000000005c51a000 	/System/Library/Frameworks/Accelerate.framework/Versions/A/Frameworks/vImage.framework/Versions/A/Libraries/libCGInterfaces.dylib
0x000000005c51a000 	/System/Library/Frameworks/ApplicationServices.framework/Versions/A/Frameworks/ATS.framework/Versions/A/Resources/libTrueTypeScaler.dylib
0x000000011fab0000 	/System/Library/Frameworks/OpenGL.framework/Resources/GLEngine.bundle/GLEngine
0x000000005c51a000 	/System/Library/Frameworks/OpenGL.framework/Versions/A/Libraries/libGLProgrammability.dylib
0x000000011fc95000 	/System/Library/Extensions/AppleIntelBDWGraphicsGLDriver.bundle/Contents/MacOS/AppleIntelBDWGraphicsGLDriver
0x000000005c51a000 	/System/Library/PrivateFrameworks/GPUSupport.framework/Versions/A/Libraries/libGPUSupportMercury.dylib
0x00000001203ff000 	/System/Library/Frameworks/OpenGL.framework/Resources//GLRendererFloat.bundle/GLRendererFloat
0x000000005c51a000 	/System/Library/Frameworks/OpenCL.framework/Versions/A/Libraries/libcldcpuengine.dylib
0x000000005c51a000 	/usr/lib/libcrypto.0.9.8.dylib
0x000000005c51a000 	/System/Library/PrivateFrameworks/TrustEvaluationAgent.framework/Versions/A/TrustEvaluationAgent
0x0000000120433000 	/System/Library/Extensions/AppleIntelBDWGraphicsMTLDriver.bundle/Contents/MacOS/AppleIntelBDWGraphicsMTLDriver
0x000000005c51a000 	/System/Library/PrivateFrameworks/FamilyControls.framework/Versions/A/FamilyControls
0x000000005c51a000 	/System/Library/PrivateFrameworks/CommerceKit.framework/Versions/A/Frameworks/CommerceCore.framework/Versions/A/CommerceCore
0x000000005c51a000 	/System/Library/PrivateFrameworks/SystemAdministration.framework/Versions/A/SystemAdministration
0x000000005c51a000 	/System/Library/PrivateFrameworks/AppContainer.framework/Versions/A/AppContainer
0x000000005c51a000 	/System/Library/PrivateFrameworks/SecCodeWrapper.framework/Versions/A/SecCodeWrapper
0x000000005c51a000 	/System/Library/Frameworks/DirectoryService.framework/Versions/A/DirectoryService
0x000000005c51a000 	/System/Library/PrivateFrameworks/DiskImages.framework/Versions/A/DiskImages
0x000000005c51a000 	/System/Library/PrivateFrameworks/LoginUIKit.framework/Versions/A/Frameworks/LoginUICore.framework/Versions/A/LoginUICore
0x000000005c51a000 	/usr/lib/libCoreStorage.dylib
0x000000005c51a000 	/usr/lib/libcsfde.dylib
0x000000005c51a000 	/usr/lib/libodfde.dylib
0x000000005c51a000 	/System/Library/Frameworks/DiscRecording.framework/Versions/A/DiscRecording
0x000000005c51a000 	/usr/lib/libcurl.4.dylib
0x000000005c51a000 	/System/Library/PrivateFrameworks/MediaKit.framework/Versions/A/MediaKit
0x000000005c51a000 	/System/Library/PrivateFrameworks/ProtectedCloudStorage.framework/Versions/A/ProtectedCloudStorage
0x000000005c51a000 	/System/Library/PrivateFrameworks/EFILogin.framework/Versions/A/EFILogin
0x000000005c51a000 	/usr/lib/libutil.dylib
0x000000005c51a000 	/System/Library/Frameworks/LDAP.framework/Versions/A/LDAP
0x000000005c51a000 	/usr/lib/libsasl2.2.dylib
0x000000005c51a000 	/System/Library/PrivateFrameworks/CoreDaemon.framework/Versions/B/CoreDaemon
0x000000005c51a000 	/System/Library/PrivateFrameworks/AppleSRP.framework/Versions/A/AppleSRP
0x000000005c51a000 	/System/Library/PrivateFrameworks/APFS.framework/Versions/A/APFS
0x000000005c51a000 	/System/Library/PrivateFrameworks/ViewBridge.framework/Versions/A/ViewBridge
0x000000005c51a000 	/System/Library/PrivateFrameworks/XPCService.framework/Versions/A/XPCService
0x000000005c51a000 	/System/Library/PrivateFrameworks/AppSandbox.framework/Versions/A/AppSandbox
0x000000005c51a000 	/usr/lib/libsandbox.1.dylib
0x000000005c51a000 	/usr/lib/libMatch.1.dylib
0x0000000122321000 	/Library/Java/JavaVirtualMachines/jdk1.8.0_144.jdk/Contents/Home/jre/lib/libfontmanager.dylib
0x00000001205f3000 	/Library/Java/JavaVirtualMachines/jdk1.8.0_144.jdk/Contents/Home/jre/lib/libosxui.dylib
0x0000000125257000 	/Library/Java/JavaVirtualMachines/jdk1.8.0_144.jdk/Contents/Home/jre/lib/libjpeg.dylib

VM Arguments:
jvm_args: -Dfile.encoding=UTF-8 
java_command: displaying_images.ImageExample_KL
java_class_path (initial): /Library/Java/JavaVirtualMachines/jdk1.8.0_144.jdk/Contents/Home/jre/lib/resources.jar:/Library/Java/JavaVirtualMachines/jdk1.8.0_144.jdk/Contents/Home/jre/lib/rt.jar:/Library/Java/JavaVirtualMachines/jdk1.8.0_144.jdk/Contents/Home/jre/lib/jsse.jar:/Library/Java/JavaVirtualMachines/jdk1.8.0_144.jdk/Contents/Home/jre/lib/jce.jar:/Library/Java/JavaVirtualMachines/jdk1.8.0_144.jdk/Contents/Home/jre/lib/charsets.jar:/Library/Java/JavaVirtualMachines/jdk1.8.0_144.jdk/Contents/Home/jre/lib/jfr.jar:/Library/Java/JavaVirtualMachines/jdk1.8.0_144.jdk/Contents/Home/jre/lib/ext/cldrdata.jar:/Library/Java/JavaVirtualMachines/jdk1.8.0_144.jdk/Contents/Home/jre/lib/ext/dnsns.jar:/Library/Java/JavaVirtualMachines/jdk1.8.0_144.jdk/Contents/Home/jre/lib/ext/jaccess.jar:/Library/Java/JavaVirtualMachines/jdk1.8.0_144.jdk/Contents/Home/jre/lib/ext/jfxrt.jar:/Library/Java/JavaVirtualMachines/jdk1.8.0_144.jdk/Contents/Home/jre/lib/ext/localedata.jar:/Library/Java/JavaVirtualMachines/jdk1.8.0_144.jdk/Contents/Home/jre/lib/ext/nashorn.jar:/Library/Java/JavaVirtualMachines/jdk1.8.0_144.jdk/Contents/Home/jre/lib/ext/sunec.jar:/Library/Java/JavaVirtualMachines/jdk1.8.0_144.jdk/Contents/Home/jre/lib/ext/sunjce_provider.jar:/Library/Java/JavaVirtualMachines/jdk1.8.0_144.jdk/Contents/Home/jre/lib/ext/sunpkcs11.jar:/Library/Java/JavaVirtualMachines/jdk1.8.0_144.jdk/Contents/Home/jre/lib/ext/zipfs.jar:/System/Library/Java/Extensions/AppleScriptEngine.jar:/System/Library/Java/Extensions/dns_sd.jar:/System/Library/Java/Extensions/j3daudio.jar:/System/Library/Java/Extensions/j3dcore.jar:/System/Library/Java/Extensions/j3dutils.jar:/System/Library/Java/Extensions/jai_codec.jar:/System/Library/Java/Extensions/jai_core.jar:/System/Library/Java/Extensions/mlibwrapper_jai.jar:/System/Library/Java/Extensions/MRJToolkit.jar:/System/Library/Java/Extensions/vecmath.jar:/Users/pmiskew/git/Java_Demo_Code/bin
Launcher Type: SUN_STANDARD

Environment Variables:
PATH=/usr/bin:/bin:/usr/sbin:/sbin
SHELL=/bin/bash

Signal Handlers:
SIGSEGV: [libjvm.dylib+0x5b26e5], sa_mask[0]=11111111011111110111111111111111, sa_flags=SA_ONSTACK|SA_RESTART|SA_SIGINFO
SIGBUS: [libjvm.dylib+0x5b26e5], sa_mask[0]=11111111011111110111111111111111, sa_flags=SA_RESTART|SA_SIGINFO
SIGFPE: [libjvm.dylib+0x489100], sa_mask[0]=11111111011111110111111111111111, sa_flags=SA_RESTART|SA_SIGINFO
SIGPIPE: [libjvm.dylib+0x489100], sa_mask[0]=11111111011111110111111111111111, sa_flags=SA_RESTART|SA_SIGINFO
SIGXFSZ: [libjvm.dylib+0x489100], sa_mask[0]=11111111011111110111111111111111, sa_flags=SA_RESTART|SA_SIGINFO
SIGILL: [libjvm.dylib+0x489100], sa_mask[0]=11111111011111110111111111111111, sa_flags=SA_RESTART|SA_SIGINFO
SIGUSR1: SIG_DFL, sa_mask[0]=00000000000000000000000000000000, sa_flags=none
SIGUSR2: [libjvm.dylib+0x488c1e], sa_mask[0]=00100000000000000000000000000000, sa_flags=SA_RESTART|SA_SIGINFO
SIGHUP: [libjvm.dylib+0x4871f5], sa_mask[0]=11111111011111110111111111111111, sa_flags=SA_RESTART|SA_SIGINFO
SIGINT: [libjvm.dylib+0x4871f5], sa_mask[0]=11111111011111110111111111111111, sa_flags=SA_RESTART|SA_SIGINFO
SIGTERM: [libjvm.dylib+0x4871f5], sa_mask[0]=11111111011111110111111111111111, sa_flags=SA_RESTART|SA_SIGINFO
SIGQUIT: [libjvm.dylib+0x4871f5], sa_mask[0]=11111111011111110111111111111111, sa_flags=SA_RESTART|SA_SIGINFO


---------------  S Y S T E M  ---------------

OS:Bsduname:Darwin 16.7.0 Darwin Kernel Version 16.7.0: Thu Jun 15 17:36:27 PDT 2017; root:xnu-3789.70.16~2/RELEASE_X86_64 x86_64
rlimit: STACK 8192k, CORE 0k, NPROC 709, NOFILE 10240, AS infinity
load average:4.98 2.73 2.31

CPU:total 4 (initial active 4) (2 cores per cpu, 2 threads per core) family 6 model 61 stepping 4, cmov, cx8, fxsr, mmx, sse, sse2, sse3, ssse3, sse4.1, sse4.2, popcnt, avx, avx2, aes, clmul, erms, 3dnowpref, lzcnt, ht, tsc, tscinvbit, bmi1, bmi2, adx

Memory: 4k page, physical 8388608k(436724k free)

/proc/meminfo:


vm_info: Java HotSpot(TM) 64-Bit Server VM (25.144-b01) for bsd-amd64 JRE (1.8.0_144-b01), built on Jul 21 2017 22:07:42 by "java_re" with gcc 4.2.1 (Based on Apple Inc. build 5658) (LLVM build 2336.11.00)

time: Tue Oct 17 12:20:57 2017
elapsed time: 1303 seconds (0d 0h 21m 43s)

